<?xml version="1.0" encoding="UTF-8"?>
<!-- Generated by org.testng.reporters.JUnitXMLReporter -->
<testsuite ignored="0" hostname="DESKTOP-G9DV5UU" failures="0" tests="4" name="Default test" time="28.204" errors="0" timestamp="2022-11-18T21:35:03 EET">
  <testcase classname="first_Test" name="Press" time="7.941"/>
  <testcase classname="first_Test" name="SelectAllItems" time="1.872"/>
  <testcase classname="first_Test" name="removeAllFromCart" time="0.826"/>
  <testcase classname="first_Test" name="test_All_Items" time="7.775"/>
</testsuite> <!-- Default test -->
